<?xml version="1.0" encoding="UTF-8"?>
<!-- Generated by org.testng.reporters.JUnitReportReporter -->
<testsuite hostname="DESKTOP-UQIS8RD" failures="0" tests="1" name="Elements.SelectMltipleCheckbox" time="3.403" errors="0" timestamp="2023-03-03T09:05:19 IST" skipped="0">
  <testcase classname="Elements.SelectMltipleCheckbox" name="elements" time="3.403"/>
  <system-out/>
</testsuite> <!-- Elements.SelectMltipleCheckbox -->
