<?xml version="1.0" encoding="UTF-8"?>
<!-- Generated by org.testng.reporters.JUnitReportReporter -->
<testsuite hostname="DESKTOP-UQIS8RD" failures="0" tests="1" name="Elements.LaunchingBrowser" time="2.700" errors="0" timestamp="2023-03-02T18:17:00 IST" skipped="0">
  <testcase classname="Elements.LaunchingBrowser" name="browser" time="2.700"/>
  <system-out/>
</testsuite> <!-- Elements.LaunchingBrowser -->
