<?xml version="1.0" encoding="UTF-8"?>
<!-- Generated by org.testng.reporters.JUnitReportReporter -->
<testsuite hostname="DESKTOP-UQIS8RD" failures="0" tests="1" name="Elements.WebTables" time="2.991" errors="0" timestamp="2023-03-02T18:45:38 IST" skipped="0">
  <testcase classname="Elements.WebTables" name="elements" time="2.991"/>
  <system-out/>
</testsuite> <!-- Elements.WebTables -->
