<?xml version="1.0" encoding="UTF-8"?>
<!-- Generated by org.testng.reporters.JUnitReportReporter -->
<testsuite hostname="DESKTOP-UQIS8RD" failures="0" tests="1" name="Elements.JoinNow" time="1.007" errors="0" timestamp="2023-03-02T15:41:00 IST" skipped="0">
  <testcase classname="Elements.JoinNow" name="verifyJoinNow" time="1.007"/>
  <system-out/>
</testsuite> <!-- Elements.JoinNow -->
