<?xml version="1.0" encoding="UTF-8"?>
<!-- Generated by org.testng.reporters.JUnitReportReporter -->
<testsuite hostname="DESKTOP-UQIS8RD" failures="0" tests="1" name="Elements.VerifyElements" time="2.469" errors="0" timestamp="2023-03-02T16:20:02 IST" skipped="0">
  <testcase classname="Elements.VerifyElements" name="elements" time="2.469"/>
  <system-out/>
</testsuite> <!-- Elements.VerifyElements -->
