<?xml version="1.0" encoding="UTF-8"?>
<!-- Generated by org.testng.reporters.JUnitReportReporter -->
<testsuite hostname="DESKTOP-UQIS8RD" failures="0" tests="1" name="Elements.VerifyAddWebTable" time="8.969" errors="0" timestamp="2023-03-02T19:39:32 IST" skipped="0">
  <testcase classname="Elements.VerifyAddWebTable" name="elements" time="8.969"/>
  <system-out/>
</testsuite> <!-- Elements.VerifyAddWebTable -->
