<?xml version="1.0" encoding="UTF-8"?>
<!-- Generated by org.testng.reporters.JUnitReportReporter -->
<testsuite hostname="DESKTOP-UQIS8RD" failures="0" tests="1" name="Elements.DemoSite" time="4.155" errors="0" timestamp="2023-03-02T18:15:44 IST" skipped="0">
  <testcase classname="Elements.DemoSite" name="join" time="4.155"/>
  <system-out/>
</testsuite> <!-- Elements.DemoSite -->
