<?xml version="1.0" encoding="UTF-8"?>
<!-- Generated by org.testng.reporters.JUnitReportReporter -->
<testsuite hostname="DESKTOP-UQIS8RD" failures="0" tests="1" name="Elements.UploadAndDownload" time="5.697" errors="0" timestamp="2023-03-02T20:14:32 IST" skipped="0">
  <testcase classname="Elements.UploadAndDownload" name="verifyUploadAndDownload" time="5.697"/>
  <system-out/>
</testsuite> <!-- Elements.UploadAndDownload -->
