<?xml version="1.0" encoding="UTF-8"?>
<!-- Generated by org.testng.reporters.JUnitReportReporter -->
<testsuite hostname="DESKTOP-UQIS8RD" failures="0" tests="1" name="Elements.BrokenLink" time="5.271" errors="0" timestamp="2023-03-03T09:16:48 IST" skipped="0">
  <testcase classname="Elements.BrokenLink" name="brokenLinkImage" time="5.271"/>
  <system-out/>
</testsuite> <!-- Elements.BrokenLink -->
