<?xml version="1.0" encoding="UTF-8"?>
<!-- Generated by org.testng.reporters.JUnitReportReporter -->
<testsuite hostname="DESKTOP-UQIS8RD" failures="0" tests="1" name="Elements.TextBoxWithInvalidCredential" time="17.469" errors="0" timestamp="2023-03-03T08:37:55 IST" skipped="0">
  <testcase classname="Elements.TextBoxWithInvalidCredential" name="verifyTextBox" time="17.469"/>
  <system-out/>
</testsuite> <!-- Elements.TextBoxWithInvalidCredential -->
