<?xml version="1.0" encoding="UTF-8"?>
<!-- Generated by org.testng.reporters.JUnitReportReporter -->
<testsuite hostname="DESKTOP-UQIS8RD" failures="0" tests="1" name="Elements.Search" time="3.679" errors="0" timestamp="2023-03-02T19:21:43 IST" skipped="0">
  <testcase classname="Elements.Search" name="elements" time="3.679"/>
  <system-out/>
</testsuite> <!-- Elements.Search -->
