<?xml version="1.0" encoding="UTF-8"?>
<!-- Generated by org.testng.reporters.JUnitReportReporter -->
<testsuite hostname="DESKTOP-UQIS8RD" failures="0" tests="1" name="Elements.CheckBox" time="2.566" errors="0" timestamp="2023-03-02T18:04:21 IST" skipped="0">
  <testcase classname="Elements.CheckBox" name="elements" time="2.566"/>
  <system-out/>
</testsuite> <!-- Elements.CheckBox -->
