<?xml version="1.0" encoding="UTF-8"?>
<!-- Generated by org.testng.reporters.JUnitReportReporter -->
<testsuite hostname="DESKTOP-UQIS8RD" failures="0" tests="1" name="Elements.TextInformation" time="2.687" errors="0" timestamp="2023-03-02T23:19:08 IST" skipped="0">
  <testcase classname="Elements.TextInformation" name="verifySubmitButton" time="2.687"/>
  <system-out/>
</testsuite> <!-- Elements.TextInformation -->
