<?xml version="1.0" encoding="UTF-8"?>
<!-- Generated by org.testng.reporters.JUnitReportReporter -->
<testsuite hostname="DESKTOP-UQIS8RD" failures="0" tests="1" name="Elements.SelectCheckBox" time="6.245" errors="0" timestamp="2023-03-03T09:02:08 IST" skipped="0">
  <testcase classname="Elements.SelectCheckBox" name="elements" time="6.245"/>
  <system-out/>
</testsuite> <!-- Elements.SelectCheckBox -->
