<?xml version="1.0" encoding="UTF-8"?>
<!-- Generated by org.testng.reporters.JUnitReportReporter -->
<testsuite hostname="DESKTOP-UQIS8RD" failures="0" tests="1" name="Elements.VerifyRadioButton" time="2.459" errors="0" timestamp="2023-03-02T23:25:22 IST" skipped="0">
  <testcase classname="Elements.VerifyRadioButton" name="clickButton" time="2.459"/>
  <system-out/>
</testsuite> <!-- Elements.VerifyRadioButton -->
