<?xml version="1.0" encoding="UTF-8"?>
<!-- Generated by org.testng.reporters.JUnitReportReporter -->
<testsuite hostname="DESKTOP-UQIS8RD" failures="0" tests="1" name="Elements.DownloadFile" time="3.505" errors="0" timestamp="2023-03-03T08:50:56 IST" skipped="0">
  <testcase classname="Elements.DownloadFile" name="dowmloadFile" time="3.505"/>
  <system-out/>
</testsuite> <!-- Elements.DownloadFile -->
