<?xml version="1.0" encoding="UTF-8"?>
<!-- Generated by org.testng.reporters.JUnitReportReporter -->
<testsuite hostname="DESKTOP-UQIS8RD" failures="0" tests="1" name="Elements.Button" time="6.471" errors="0" timestamp="2023-03-02T19:43:59 IST" skipped="0">
  <testcase classname="Elements.Button" name="clickButton" time="6.471"/>
  <system-out/>
</testsuite> <!-- Elements.Button -->
