<?xml version="1.0" encoding="UTF-8"?>
<!-- Generated by org.testng.reporters.JUnitReportReporter -->
<testsuite hostname="DESKTOP-UQIS8RD" failures="0" tests="1" name="Elements.RadioButton" time="3.048" errors="0" timestamp="2023-03-02T18:13:54 IST" skipped="0">
  <testcase classname="Elements.RadioButton" name="elements" time="3.048"/>
  <system-out/>
</testsuite> <!-- Elements.RadioButton -->
